This file contains any messages produced by compilers while
running configure, to aid debugging if configure makes a mistake.

It was created by matrix-multiplication configure 1.0, which was
generated by GNU Autoconf 2.69.  Invocation command line was

  $ ./configure 

## --------- ##
## Platform. ##
## --------- ##

hostname = maciek
uname -m = armv7l
uname -r = 6.6.57-v7+
uname -s = Linux
uname -v = #1807 SMP Fri Oct 18 17:54:41 BST 2024

/usr/bin/uname -p = unknown
/bin/uname -X     = unknown

/bin/arch              = armv7l
/usr/bin/arch -k       = unknown
/usr/convex/getsysinfo = unknown
/usr/bin/hostinfo      = unknown
/bin/machine           = unknown
/usr/bin/oslevel       = unknown
/bin/universe          = unknown

PATH: /usr/local/sbin
PATH: /usr/local/bin
PATH: /usr/sbin
PATH: /usr/bin
PATH: /sbin
PATH: /bin
PATH: /usr/local/games
PATH: /usr/games


## ----------- ##
## Core tests. ##
## ----------- ##

configure:2133: checking for a BSD-compatible install
configure:2201: result: /usr/bin/install -c
configure:2212: checking whether build environment is sane
configure:2267: result: yes
configure:2413: checking for a thread-safe mkdir -p
configure:2452: result: /usr/bin/mkdir -p
configure:2459: checking for gawk
configure:2489: result: no
configure:2459: checking for mawk
configure:2475: found /usr/bin/mawk
configure:2486: result: mawk
configure:2497: checking whether make sets $(MAKE)
configure:2519: result: yes
configure:2548: checking whether make supports nested variables
configure:2565: result: yes
configure:2740: checking for gcc
configure:2756: found /usr/bin/gcc
configure:2767: result: gcc
configure:2996: checking for C compiler version
configure:3005: gcc --version >&5
gcc (Raspbian 10.2.1-6+rpi1) 10.2.1 20210110
Copyright (C) 2020 Free Software Foundation, Inc.
This is free software; see the source for copying conditions.  There is NO
warranty; not even for MERCHANTABILITY or FITNESS FOR A PARTICULAR PURPOSE.

configure:3016: $? = 0
configure:3005: gcc -v >&5
Using built-in specs.
COLLECT_GCC=gcc
COLLECT_LTO_WRAPPER=/usr/lib/gcc/arm-linux-gnueabihf/10/lto-wrapper
Target: arm-linux-gnueabihf
Configured with: ../src/configure -v --with-pkgversion='Raspbian 10.2.1-6+rpi1' --with-bugurl=file:///usr/share/doc/gcc-10/README.Bugs --enable-languages=c,ada,c++,go,d,fortran,objc,obj-c++,m2 --prefix=/usr --with-gcc-major-version-only --program-suffix=-10 --program-prefix=arm-linux-gnueabihf- --enable-shared --enable-linker-build-id --libexecdir=/usr/lib --without-included-gettext --enable-threads=posix --libdir=/usr/lib --enable-nls --enable-bootstrap --enable-clocale=gnu --enable-libstdcxx-debug --enable-libstdcxx-time=yes --with-default-libstdcxx-abi=new --enable-gnu-unique-object --disable-libitm --disable-libquadmath --disable-libquadmath-support --enable-plugin --with-system-zlib --enable-libphobos-checking=release --with-target-system-zlib=auto --enable-objc-gc=auto --enable-multiarch --disable-sjlj-exceptions --with-arch=armv6 --with-fpu=vfp --with-float=hard --disable-werror --enable-checking=release --build=arm-linux-gnueabihf --host=arm-linux-gnueabihf --target=arm-linux-gnueabihf
Thread model: posix
Supported LTO compression algorithms: zlib zstd
gcc version 10.2.1 20210110 (Raspbian 10.2.1-6+rpi1) 
configure:3016: $? = 0
configure:3005: gcc -V >&5
gcc: error: unrecognized command-line option '-V'
gcc: fatal error: no input files
compilation terminated.
configure:3016: $? = 1
configure:3005: gcc -qversion >&5
gcc: error: unrecognized command-line option '-qversion'; did you mean '--version'?
gcc: fatal error: no input files
compilation terminated.
configure:3016: $? = 1
configure:3036: checking whether the C compiler works
configure:3058: gcc    conftest.c  >&5
configure:3062: $? = 0
configure:3110: result: yes
configure:3113: checking for C compiler default output file name
configure:3115: result: a.out
configure:3121: checking for suffix of executables
configure:3128: gcc -o conftest    conftest.c  >&5
configure:3132: $? = 0
configure:3154: result: 
configure:3176: checking whether we are cross compiling
configure:3184: gcc -o conftest    conftest.c  >&5
configure:3188: $? = 0
configure:3195: ./conftest
configure:3199: $? = 0
configure:3214: result: no
configure:3219: checking for suffix of object files
configure:3241: gcc -c   conftest.c >&5
configure:3245: $? = 0
configure:3266: result: o
configure:3270: checking whether we are using the GNU C compiler
configure:3289: gcc -c   conftest.c >&5
configure:3289: $? = 0
configure:3298: result: yes
configure:3307: checking whether gcc accepts -g
configure:3327: gcc -c -g  conftest.c >&5
configure:3327: $? = 0
configure:3368: result: yes
configure:3385: checking for gcc option to accept ISO C89
configure:3448: gcc  -c -g -O2  conftest.c >&5
configure:3448: $? = 0
configure:3461: result: none needed
configure:3486: checking whether gcc understands -c and -o together
configure:3508: gcc -c conftest.c -o conftest2.o
configure:3511: $? = 0
configure:3508: gcc -c conftest.c -o conftest2.o
configure:3511: $? = 0
configure:3523: result: yes
configure:3543: checking whether make supports the include directive
configure:3558: make -f confmf.GNU && cat confinc.out
this is the am__doit target
configure:3561: $? = 0
configure:3580: result: yes (GNU style)
configure:3605: checking dependency style of gcc
configure:3716: result: gcc3
configure:3731: checking whether make sets $(MAKE)
configure:3753: result: yes
configure:3770: checking how to run the C preprocessor
configure:3801: gcc -E  conftest.c
configure:3801: $? = 0
configure:3815: gcc -E  conftest.c
conftest.c:11:10: fatal error: ac_nonexistent.h: No such file or directory
   11 | #include <ac_nonexistent.h>
      |          ^~~~~~~~~~~~~~~~~~
compilation terminated.
configure:3815: $? = 1
configure: failed program was:
| /* confdefs.h */
| #define PACKAGE_NAME "matrix-multiplication"
| #define PACKAGE_TARNAME "matrix-multiplication"
| #define PACKAGE_VERSION "1.0"
| #define PACKAGE_STRING "matrix-multiplication 1.0"
| #define PACKAGE_BUGREPORT "your-email@example.com"
| #define PACKAGE_URL ""
| #define PACKAGE "matrix-multiplication"
| #define VERSION "1.0"
| /* end confdefs.h.  */
| #include <ac_nonexistent.h>
configure:3840: result: gcc -E
configure:3860: gcc -E  conftest.c
configure:3860: $? = 0
configure:3874: gcc -E  conftest.c
conftest.c:11:10: fatal error: ac_nonexistent.h: No such file or directory
   11 | #include <ac_nonexistent.h>
      |          ^~~~~~~~~~~~~~~~~~
compilation terminated.
configure:3874: $? = 1
configure: failed program was:
| /* confdefs.h */
| #define PACKAGE_NAME "matrix-multiplication"
| #define PACKAGE_TARNAME "matrix-multiplication"
| #define PACKAGE_VERSION "1.0"
| #define PACKAGE_STRING "matrix-multiplication 1.0"
| #define PACKAGE_BUGREPORT "your-email@example.com"
| #define PACKAGE_URL ""
| #define PACKAGE "matrix-multiplication"
| #define VERSION "1.0"
| /* end confdefs.h.  */
| #include <ac_nonexistent.h>
configure:3903: checking for grep that handles long lines and -e
configure:3961: result: /usr/bin/grep
configure:3966: checking for egrep
configure:4028: result: /usr/bin/grep -E
configure:4033: checking for ANSI C header files
configure:4053: gcc -c -g -O2  conftest.c >&5
configure:4053: $? = 0
configure:4126: gcc -o conftest -g -O2   conftest.c  >&5
configure:4126: $? = 0
configure:4126: ./conftest
configure:4126: $? = 0
configure:4137: result: yes
configure:4150: checking for sys/types.h
configure:4150: gcc -c -g -O2  conftest.c >&5
configure:4150: $? = 0
configure:4150: result: yes
configure:4150: checking for sys/stat.h
configure:4150: gcc -c -g -O2  conftest.c >&5
configure:4150: $? = 0
configure:4150: result: yes
configure:4150: checking for stdlib.h
configure:4150: gcc -c -g -O2  conftest.c >&5
configure:4150: $? = 0
configure:4150: result: yes
configure:4150: checking for string.h
configure:4150: gcc -c -g -O2  conftest.c >&5
configure:4150: $? = 0
configure:4150: result: yes
configure:4150: checking for memory.h
configure:4150: gcc -c -g -O2  conftest.c >&5
configure:4150: $? = 0
configure:4150: result: yes
configure:4150: checking for strings.h
configure:4150: gcc -c -g -O2  conftest.c >&5
configure:4150: $? = 0
configure:4150: result: yes
configure:4150: checking for inttypes.h
configure:4150: gcc -c -g -O2  conftest.c >&5
configure:4150: $? = 0
configure:4150: result: yes
configure:4150: checking for stdint.h
configure:4150: gcc -c -g -O2  conftest.c >&5
configure:4150: $? = 0
configure:4150: result: yes
configure:4150: checking for unistd.h
configure:4150: gcc -c -g -O2  conftest.c >&5
configure:4150: $? = 0
configure:4150: result: yes
configure:4162: checking arm_neon.h usability
configure:4162: gcc -c -g -O2  conftest.c >&5
configure:4162: $? = 0
configure:4162: result: yes
configure:4162: checking arm_neon.h presence
configure:4162: gcc -E  conftest.c
configure:4162: $? = 0
configure:4162: result: yes
configure:4162: checking for arm_neon.h
configure:4162: result: yes
configure:4176: checking for sin in -lm
configure:4201: gcc -o conftest -g -O2   conftest.c -lm   >&5
conftest.c:29:6: warning: conflicting types for built-in function 'sin'; expected 'double(double)' [-Wbuiltin-declaration-mismatch]
   29 | char sin ();
      |      ^~~
conftest.c:1:1: note: 'sin' is declared in header '<math.h>'
    1 | /* confdefs.h */
configure:4201: $? = 0
configure:4210: result: yes
configure:4326: checking that generated files are newer than configure
configure:4332: result: done
configure:4355: creating ./config.status

## ---------------------- ##
## Running config.status. ##
## ---------------------- ##

This file was extended by matrix-multiplication config.status 1.0, which was
generated by GNU Autoconf 2.69.  Invocation command line was

  CONFIG_FILES    = 
  CONFIG_HEADERS  = 
  CONFIG_LINKS    = 
  CONFIG_COMMANDS = 
  $ ./config.status 

on maciek

config.status:855: creating Makefile
config.status:855: creating config.h
config.status:1084: executing depfiles commands
config.status:1161: cd .       && sed -e '/# am--include-marker/d' Makefile         | make -f - am--depfiles
config.status:1166: $? = 0

## ---------------- ##
## Cache variables. ##
## ---------------- ##

ac_cv_c_compiler_gnu=yes
ac_cv_env_CC_set=
ac_cv_env_CC_value=
ac_cv_env_CFLAGS_set=
ac_cv_env_CFLAGS_value=
ac_cv_env_CPPFLAGS_set=
ac_cv_env_CPPFLAGS_value=
ac_cv_env_CPP_set=
ac_cv_env_CPP_value=
ac_cv_env_LDFLAGS_set=
ac_cv_env_LDFLAGS_value=
ac_cv_env_LIBS_set=
ac_cv_env_LIBS_value=
ac_cv_env_build_alias_set=
ac_cv_env_build_alias_value=
ac_cv_env_host_alias_set=
ac_cv_env_host_alias_value=
ac_cv_env_target_alias_set=
ac_cv_env_target_alias_value=
ac_cv_header_arm_neon_h=yes
ac_cv_header_inttypes_h=yes
ac_cv_header_memory_h=yes
ac_cv_header_stdc=yes
ac_cv_header_stdint_h=yes
ac_cv_header_stdlib_h=yes
ac_cv_header_string_h=yes
ac_cv_header_strings_h=yes
ac_cv_header_sys_stat_h=yes
ac_cv_header_sys_types_h=yes
ac_cv_header_unistd_h=yes
ac_cv_lib_m_sin=yes
ac_cv_objext=o
ac_cv_path_EGREP='/usr/bin/grep -E'
ac_cv_path_GREP=/usr/bin/grep
ac_cv_path_install='/usr/bin/install -c'
ac_cv_path_mkdir=/usr/bin/mkdir
ac_cv_prog_AWK=mawk
ac_cv_prog_CPP='gcc -E'
ac_cv_prog_ac_ct_CC=gcc
ac_cv_prog_cc_c89=
ac_cv_prog_cc_g=yes
ac_cv_prog_make_make_set=yes
am_cv_CC_dependencies_compiler_type=gcc3
am_cv_make_support_nested_variables=yes
am_cv_prog_cc_c_o=yes

## ----------------- ##
## Output variables. ##
## ----------------- ##

ACLOCAL='${SHELL} '\''/home/qwerty/Documents/Cwiczenie_3D_V2/missing'\'' aclocal-1.16'
AMDEPBACKSLASH='\'
AMDEP_FALSE='#'
AMDEP_TRUE=''
AMTAR='$${TAR-tar}'
AM_BACKSLASH='\'
AM_DEFAULT_V='$(AM_DEFAULT_VERBOSITY)'
AM_DEFAULT_VERBOSITY='1'
AM_V='$(V)'
AUTOCONF='${SHELL} '\''/home/qwerty/Documents/Cwiczenie_3D_V2/missing'\'' autoconf'
AUTOHEADER='${SHELL} '\''/home/qwerty/Documents/Cwiczenie_3D_V2/missing'\'' autoheader'
AUTOMAKE='${SHELL} '\''/home/qwerty/Documents/Cwiczenie_3D_V2/missing'\'' automake-1.16'
AWK='mawk'
CC='gcc'
CCDEPMODE='depmode=gcc3'
CFLAGS='-g -O2'
CPP='gcc -E'
CPPFLAGS=''
CYGPATH_W='echo'
DEFS='-DHAVE_CONFIG_H'
DEPDIR='.deps'
ECHO_C=''
ECHO_N='-n'
ECHO_T=''
EGREP='/usr/bin/grep -E'
EXEEXT=''
GREP='/usr/bin/grep'
INSTALL_DATA='${INSTALL} -m 644'
INSTALL_PROGRAM='${INSTALL}'
INSTALL_SCRIPT='${INSTALL}'
INSTALL_STRIP_PROGRAM='$(install_sh) -c -s'
LDFLAGS=''
LIBOBJS=''
LIBS='-lm '
LTLIBOBJS=''
MAKEINFO='${SHELL} '\''/home/qwerty/Documents/Cwiczenie_3D_V2/missing'\'' makeinfo'
MKDIR_P='/usr/bin/mkdir -p'
OBJEXT='o'
PACKAGE='matrix-multiplication'
PACKAGE_BUGREPORT='your-email@example.com'
PACKAGE_NAME='matrix-multiplication'
PACKAGE_STRING='matrix-multiplication 1.0'
PACKAGE_TARNAME='matrix-multiplication'
PACKAGE_URL=''
PACKAGE_VERSION='1.0'
PATH_SEPARATOR=':'
SET_MAKE=''
SHELL='/bin/bash'
STRIP=''
VERSION='1.0'
ac_ct_CC='gcc'
am__EXEEXT_FALSE=''
am__EXEEXT_TRUE='#'
am__fastdepCC_FALSE='#'
am__fastdepCC_TRUE=''
am__include='include'
am__isrc=''
am__leading_dot='.'
am__nodep='_no'
am__quote=''
am__tar='$${TAR-tar} chof - "$$tardir"'
am__untar='$${TAR-tar} xf -'
bindir='${exec_prefix}/bin'
build_alias=''
datadir='${datarootdir}'
datarootdir='${prefix}/share'
docdir='${datarootdir}/doc/${PACKAGE_TARNAME}'
dvidir='${docdir}'
exec_prefix='${prefix}'
host_alias=''
htmldir='${docdir}'
includedir='${prefix}/include'
infodir='${datarootdir}/info'
install_sh='${SHELL} /home/qwerty/Documents/Cwiczenie_3D_V2/install-sh'
libdir='${exec_prefix}/lib'
libexecdir='${exec_prefix}/libexec'
localedir='${datarootdir}/locale'
localstatedir='${prefix}/var'
mandir='${datarootdir}/man'
mkdir_p='$(MKDIR_P)'
oldincludedir='/usr/include'
pdfdir='${docdir}'
prefix='/usr/local'
program_transform_name='s,x,x,'
psdir='${docdir}'
runstatedir='${localstatedir}/run'
sbindir='${exec_prefix}/sbin'
sharedstatedir='${prefix}/com'
sysconfdir='${prefix}/etc'
target_alias=''

## ----------- ##
## confdefs.h. ##
## ----------- ##

/* confdefs.h */
#define PACKAGE_NAME "matrix-multiplication"
#define PACKAGE_TARNAME "matrix-multiplication"
#define PACKAGE_VERSION "1.0"
#define PACKAGE_STRING "matrix-multiplication 1.0"
#define PACKAGE_BUGREPORT "your-email@example.com"
#define PACKAGE_URL ""
#define PACKAGE "matrix-multiplication"
#define VERSION "1.0"
#define STDC_HEADERS 1
#define HAVE_SYS_TYPES_H 1
#define HAVE_SYS_STAT_H 1
#define HAVE_STDLIB_H 1
#define HAVE_STRING_H 1
#define HAVE_MEMORY_H 1
#define HAVE_STRINGS_H 1
#define HAVE_INTTYPES_H 1
#define HAVE_STDINT_H 1
#define HAVE_UNISTD_H 1
#define __ARM_NEON 1
#define HAVE_LIBM 1

configure: exit 0
